----------------------------------------------------------------------------------------------------------------------------------
      name:  <unnamed>
       log:  \\facaa7pde01p\PDE\Projects\RFT\RFT-IPT\Army_Master_v3.log
  log type:  text
 opened on:  21 Aug 2019, 18:13:40

. codebook

----------------------------------------------------------------------------------------------------------------------------------
PID_PDE                                                                                                                (unlabeled)
----------------------------------------------------------------------------------------------------------------------------------

                  type:  string (str12)

         unique values:  1635442                  missing "":  0/33106163

              examples:  "PDE76Q0OALHV"
                         "PDEEE2A4IBVR"
                         "PDELKP6BZWKL"
                         "PDESS0HB6S1I"

----------------------------------------------------------------------------------------------------------------------------------
JSVC_SPSE_PID_PDE                                                                                                      (unlabeled)
----------------------------------------------------------------------------------------------------------------------------------

                  type:  string (str12)

         unique values:  120488                   missing "":  31797619/33106163

              examples:  ""
                         ""
                         ""
                         ""

----------------------------------------------------------------------------------------------------------------------------------
SNPSHT_DT                                                                                                              (unlabeled)
----------------------------------------------------------------------------------------------------------------------------------

                  type:  numeric (double)

                 range:  [1.302e+12,1.799e+12]        units:  100000
         unique values:  64                       missing .:  0/33106163

                  mean:   1.6e+12
              std. dev:   1.4e+11

           percentiles:        10%       25%       50%       75%       90%
                           1.3e+12   1.4e+12   1.6e+12   1.7e+12   1.8e+12

----------------------------------------------------------------------------------------------------------------------------------
DATE_BIRTH_PDE                                                                                                         (unlabeled)
----------------------------------------------------------------------------------------------------------------------------------

                  type:  numeric (double)

                 range:  [-8.364e+11,1.252e+12]       units:  100000
         unique values:  747                      missing .:  17227/33106163

                  mean:   6.3e+11
              std. dev:   2.8e+11

           percentiles:        10%       25%       50%       75%       90%
                           2.4e+11   4.4e+11   6.7e+11   8.3e+11   9.6e+11

----------------------------------------------------------------------------------------------------------------------------------
RANK_GRP_PDE                                                                                                           (unlabeled)
----------------------------------------------------------------------------------------------------------------------------------

                  type:  string (str2)

         unique values:  6                        missing "":  295/33106163

            tabulation:  Freq.  Value
                           295  ""
                        1.5e+07 "EJ"
                        1.2e+07 "ES"
                        2.9e+06 "OJ"
                        1.9e+06 "OS"
                        7.3e+05 "WJ"
                        1.7e+05 "WS"

----------------------------------------------------------------------------------------------------------------------------------
ASG_UIC_PDE                                                                                                            (unlabeled)
----------------------------------------------------------------------------------------------------------------------------------

                  type:  string (str10)

         unique values:  27353                    missing "":  50062/33106163

              examples:  "81E015CN3R"
                         "E0R5FK3GR8"
                         "KXJHD679Z1"
                         "S5VGEA6TBL"

----------------------------------------------------------------------------------------------------------------------------------
DTY_UIC_PDE                                                                                                            (unlabeled)
----------------------------------------------------------------------------------------------------------------------------------

                  type:  string (str10)

         unique values:  27758                    missing "":  473788/33106163

              examples:  "7KDQIUFZ0O"
                         "DRLOD2FZ0O"
                         "KR1QRA3GR8"
                         "S3W2LNFZ0O"

----------------------------------------------------------------------------------------------------------------------------------
ZIP_CODE_PDE_ASG_UNT_LOC                                                                                               (unlabeled)
----------------------------------------------------------------------------------------------------------------------------------

                  type:  string (str5)

         unique values:  2306                     missing "":  2434174/33106163

              examples:  "210XX"
                         "3131X"
                         "664XX"
                         "8091X"

----------------------------------------------------------------------------------------------------------------------------------
ZIP_CODE_PDE_DTY_UNT_LOC                                                                                               (unlabeled)
----------------------------------------------------------------------------------------------------------------------------------

                  type:  string (str5)

         unique values:  2332                     missing "":  2396519/33106163

              examples:  "210XX"
                         "3131X"
                         "664XX"
                         "8091X"

----------------------------------------------------------------------------------------------------------------------------------
AFMS_BASE_DT                                                                                                           (unlabeled)
----------------------------------------------------------------------------------------------------------------------------------

                  type:  numeric (double)

                 range:  [-3.603e+10,1.799e+12]       units:  100000
         unique values:  16784                    missing .:  57808/33106163

                  mean:   1.3e+12
              std. dev:   2.5e+11

           percentiles:        10%       25%       50%       75%       90%
                           9.5e+11   1.2e+12   1.3e+12   1.5e+12   1.6e+12

----------------------------------------------------------------------------------------------------------------------------------
AFMS_MN_QY                                                                                                             (unlabeled)
----------------------------------------------------------------------------------------------------------------------------------

                  type:  numeric (double)

                 range:  [1,598]                      units:  1
         unique values:  568                      missing .:  328834/33106163

                  mean:   88.8003
              std. dev:   79.8674

           percentiles:        10%       25%       50%       75%       90%
                                10        25        60       137       216

----------------------------------------------------------------------------------------------------------------------------------
AFMS_YR_QY                                                                                                             (unlabeled)
----------------------------------------------------------------------------------------------------------------------------------

                  type:  numeric (double)

                 range:  [0,49]                       units:  1
         unique values:  50                       missing .:  328834/33106163

                  mean:   6.94218
              std. dev:   6.65592

           percentiles:        10%       25%       50%       75%       90%
                                 0         2         5        11        18

----------------------------------------------------------------------------------------------------------------------------------
ASG_UNT_MJR_CMD_CD                                                                                                     (unlabeled)
----------------------------------------------------------------------------------------------------------------------------------

                  type:  string (str2)

         unique values:  84                       missing "":  166978/33106163

              examples:  "FC"
                         "FC"
                         "FZ"
                         "SP"

----------------------------------------------------------------------------------------------------------------------------------
EDU_DSCPL_CD                                                                                                           (unlabeled)
----------------------------------------------------------------------------------------------------------------------------------

                  type:  string (str6)

         unique values:  225                      missing "":  32282999/33106163

              examples:  ""
                         ""
                         ""
                         ""

----------------------------------------------------------------------------------------------------------------------------------
EDU_LVL_CD                                                                                                             (unlabeled)
----------------------------------------------------------------------------------------------------------------------------------

                  type:  string (str2)

         unique values:  20                       missing "":  561798/33106163

              examples:  "31"
                         "31"
                         "31"
                         "44"

----------------------------------------------------------------------------------------------------------------------------------
ETH_AFF_CD                                                                                                             (unlabeled)
----------------------------------------------------------------------------------------------------------------------------------

                  type:  string (str2)

         unique values:  22                       missing "":  272958/33106163

              examples:  "BG"
                         "BG"
                         "BG"
                         "BG"

----------------------------------------------------------------------------------------------------------------------------------
FAITH_GRP_CD                                                                                                           (unlabeled)
----------------------------------------------------------------------------------------------------------------------------------

                  type:  string (str2)

         unique values:  100                      missing "":  2510398/33106163

              examples:  "BB"
                         "CR"
                         "NC"
                         "NO"

----------------------------------------------------------------------------------------------------------------------------------
PN_AGE_QY                                                                                                              (unlabeled)
----------------------------------------------------------------------------------------------------------------------------------

                  type:  numeric (double)

                 range:  [16,76]                      units:  1
         unique values:  61                       missing .:  17227/33106163

                  mean:   28.8236
              std. dev:   7.78702

           percentiles:        10%       25%       50%       75%       90%
                                20        23        27        34        40

----------------------------------------------------------------------------------------------------------------------------------
PN_SEX_CD                                                                                                              (unlabeled)
----------------------------------------------------------------------------------------------------------------------------------

                  type:  string (str1)

         unique values:  3                        missing "":  0/33106163

            tabulation:  Freq.  Value
                        4.6e+06 "F"
                        2.8e+07 "M"
                          7463  "Z"

----------------------------------------------------------------------------------------------------------------------------------
RACE_CD                                                                                                                (unlabeled)
----------------------------------------------------------------------------------------------------------------------------------

                  type:  string (str3)

         unique values:  7                        missing "":  2059182/33106163

            tabulation:  Freq.  Value
                        2.1e+06 ""
                        2.7e+05 "001"
                        1.2e+06 "002"
                        7.3e+06 "003"
                        1.0e+05 "004"
                        2.2e+07 "005"
                            34  "114"
                          1080  "116"

----------------------------------------------------------------------------------------------------------------------------------
DATE_FILE                                                                                                              (unlabeled)
----------------------------------------------------------------------------------------------------------------------------------

                  type:  numeric (double)

                 range:  [1.825e+12,1.825e+12]        units:  1
         unique values:  1                        missing .:  0/33106163

            tabulation:  Freq.  Value
                        3.3e+07 1.825e+12

----------------------------------------------------------------------------------------------------------------------------------
TYPE_FILE                                                                                                              (unlabeled)
----------------------------------------------------------------------------------------------------------------------------------

                  type:  string (str8)

         unique values:  1                        missing "":  0/33106163

            tabulation:  Freq.  Value
                        3.3e+07 "SNAPSHOT"

----------------------------------------------------------------------------------------------------------------------------------
SOURCE_PROJECT                                                                                                         (unlabeled)
----------------------------------------------------------------------------------------------------------------------------------

                  type:  string (str27)

         unique values:  1                        missing "":  0/33106163

            tabulation:  Freq.  Value
                        3.3e+07 "DMDC_AAG_MOA_DMDCCORE_NOEXP"

----------------------------------------------------------------------------------------------------------------------------------
SOURCE_FILE                                                                                                            (unlabeled)
----------------------------------------------------------------------------------------------------------------------------------

                  type:  string (str25)

         unique values:  1                        missing "":  0/33106163

            tabulation:  Freq.  Value
                        3.3e+07 "PDES_DMDCSTAGING_DMDCCORE"

----------------------------------------------------------------------------------------------------------------------------------
SOURCE_TABLE                                                                                                           (unlabeled)
----------------------------------------------------------------------------------------------------------------------------------

                  type:  string (str17)

         unique values:  1                        missing "":  0/33106163

            tabulation:  Freq.  Value
                        3.3e+07 "MASTER_AD_PDE_1_2"

----------------------------------------------------------------------------------------------------------------------------------

. log close
      name:  <unnamed>
       log:  \\facaa7pde01p\PDE\Projects\RFT\RFT-IPT\Army_Master_v3.log
  log type:  text
 closed on:  21 Aug 2019, 19:46:42
----------------------------------------------------------------------------------------------------------------------------------
